#
# There is insufficient memory for the Java Runtime Environment to continue.
# Native memory allocation (malloc) failed to allocate 33616 bytes for Chunk::new
# Possible reasons:
#   The system is out of physical RAM or swap space
#   In 32 bit mode, the process size limit was hit
# Possible solutions:
#   Reduce memory load on the system
#   Increase physical memory or swap space
#   Check if swap backing store is full
#   Use 64 bit Java on a 64 bit OS
#   Decrease Java heap size (-Xmx/-Xms)
#   Decrease number of Java threads
#   Decrease Java thread stack sizes (-Xss)
#   Set larger code cache with -XX:ReservedCodeCacheSize=
# This output file may be truncated or incomplete.
#
#  Out of Memory Error (allocation.cpp:390), pid=4284, tid=1252
#
# JRE version: Java(TM) SE Runtime Environment (8.0_71-b15) (build 1.8.0_71-b15)
# Java VM: Java HotSpot(TM) 64-Bit Server VM (25.71-b15 mixed mode windows-amd64 compressed oops)
# Failed to write core dump. Minidumps are not enabled by default on client versions of Windows
#

---------------  T H R E A D  ---------------

Current thread (0x0000000054d2d000):  JavaThread "C2 CompilerThread0" daemon [_thread_in_native, id=1252, stack(0x00000000566a0000,0x00000000567a0000)]

Stack: [0x00000000566a0000,0x00000000567a0000]
[error occurred during error reporting (printing stack bounds), id 0xc0000005]

Native frames: (J=compiled Java code, j=interpreted, Vv=VM code, C=native code)


Current CompileTask:
C2:    931  568       4       sun.net.www.ParseUtil::encodePath (336 bytes)


---------------  P R O C E S S  ---------------

Java Threads: ( => current thread )
  0x000000005755d800 JavaThread "Thread-3" daemon [_thread_in_native, id=2560, stack(0x0000000058290000,0x0000000058390000)]
  0x0000000057544000 JavaThread "JavaFX Application Thread" [_thread_in_native, id=4868, stack(0x00000000584c0000,0x00000000585c0000)]
  0x000000005752a000 JavaThread "Thread-2" daemon [_thread_blocked, id=4424, stack(0x00000000583b0000,0x00000000584b0000)]
  0x0000000057521000 JavaThread "QuantumRenderer-0" daemon [_thread_blocked, id=1040, stack(0x0000000057300000,0x0000000057400000)]
  0x00000000574f4000 JavaThread "JavaFX-Launcher" [_thread_blocked, id=2092, stack(0x0000000057da0000,0x0000000057ea0000)]
  0x0000000056864000 JavaThread "Monitor Ctrl-Break" daemon [_thread_in_native, id=3348, stack(0x00000000571d0000,0x00000000572d0000)]
  0x0000000056833800 JavaThread "Service Thread" daemon [_thread_blocked, id=2340, stack(0x0000000056e90000,0x0000000056f90000)]
  0x00000000567a4000 JavaThread "C1 CompilerThread2" daemon [_thread_blocked, id=2876, stack(0x0000000056d70000,0x0000000056e70000)]
  0x00000000567a2800 JavaThread "C2 CompilerThread1" daemon [_thread_blocked, id=3784, stack(0x00000000560d0000,0x00000000561d0000)]
=>0x0000000054d2d000 JavaThread "C2 CompilerThread0" daemon [_thread_in_native, id=1252, stack(0x00000000566a0000,0x00000000567a0000)]
  0x0000000054d28800 JavaThread "Attach Listener" daemon [_thread_blocked, id=1776, stack(0x0000000056570000,0x0000000056670000)]
  0x0000000054d27000 JavaThread "Signal Dispatcher" daemon [_thread_blocked, id=3808, stack(0x0000000056430000,0x0000000056530000)]
  0x0000000054cc7800 JavaThread "Finalizer" daemon [_thread_blocked, id=2956, stack(0x0000000056260000,0x0000000056360000)]
  0x0000000054cc0800 JavaThread "Reference Handler" daemon [_thread_blocked, id=2684, stack(0x0000000055fa0000,0x00000000560a0000)]
  0x00000000022ae800 JavaThread "main" [_thread_blocked, id=2540, stack(0x00000000023c0000,0x00000000024c0000)]

Other Threads:
  0x0000000054cbb000 VMThread [stack: 0x0000000055d80000,0x0000000055e80000] [id=1304]
  0x000000005683a000 WatcherThread [stack: 0x0000000056c00000,0x0000000056d00000] [id=3740]

VM state:not at safepoint (normal execution)

VM Mutex/Monitor currently owned by a thread: None

Heap:
 PSYoungGen      total 18432K, used 15524K [0x00000000eb600000, 0x00000000eca80000, 0x0000000100000000)
  eden space 15872K, 97% used [0x00000000eb600000,0x00000000ec529288,0x00000000ec580000)
  from space 2560K, 0% used [0x00000000ec800000,0x00000000ec800000,0x00000000eca80000)
  to   space 2560K, 0% used [0x00000000ec580000,0x00000000ec580000,0x00000000ec800000)
 ParOldGen       total 42496K, used 0K [0x00000000c2200000, 0x00000000c4b80000, 0x00000000eb600000)
  object space 42496K, 0% used [0x00000000c2200000,0x00000000c2200000,0x00000000c4b80000)
 Metaspace       used 9950K, capacity 10328K, committed 10496K, reserved 1058816K
  class space    used 1301K, capacity 1415K, committed 1536K, reserved 1048576K

Card table byte_map: [0x0000000011b50000,0x0000000011d40000] byte_map_base: 0x000000001153f000

Marking Bits: (ParMarkBitMap*) 0x00000000724af600
 Begin Bits: [0x0000000012250000, 0x00000000131c8000)
 End Bits:   [0x00000000131c8000, 0x0000000014140000)

Polling page: 0x0000000000140000

CodeCache: size=245760Kb used=2482Kb max_used=2482Kb free=243277Kb
 bounds [0x0000000002790000, 0x0000000002a00000, 0x0000000011790000]
 total_blobs=1086 nmethods=567 adapters=433
 compilation: enabled

Compilation events (10 events):
Event: 0.890 Thread 0x00000000567a4000 nmethod 563 0x00000000029f66d0 code [0x00000000029f6820, 0x00000000029f6930]
Event: 0.909 Thread 0x00000000567a4000  564       3       java.lang.invoke.LambdaForm$BMH/1828972342::reinvoke (25 bytes)
Event: 0.909 Thread 0x00000000567a4000 nmethod 564 0x00000000029f9dd0 code [0x00000000029f9f60, 0x00000000029fa518]
Event: 0.909 Thread 0x00000000567a4000  565       3       java.lang.invoke.MethodHandleImpl::castReference (20 bytes)
Event: 0.909 Thread 0x00000000567a4000 nmethod 565 0x00000000029fa650 code [0x00000000029fa7c0, 0x00000000029faa68]
Event: 0.909 Thread 0x00000000567a4000  566       1       java.lang.invoke.DirectMethodHandle::internalMemberName (5 bytes)
Event: 0.909 Thread 0x00000000567a4000 nmethod 566 0x00000000029fab50 code [0x00000000029faca0, 0x00000000029fadb0]
Event: 0.916 Thread 0x00000000567a4000  567       3       jdk.internal.org.objectweb.asm.Label::resolve (214 bytes)
Event: 0.916 Thread 0x00000000567a4000 nmethod 567 0x00000000029fc2d0 code [0x00000000029fc460, 0x00000000029fc930]
Event: 0.917 Thread 0x0000000054d2d000  568       4       sun.net.www.ParseUtil::encodePath (336 bytes)

GC Heap History (0 events):
No events

Deoptimization events (3 events):
Event: 0.678 Thread 0x0000000057544000 Uncommon trap: reason=unstable_if action=reinterpret pc=0x0000000002936634 method=java.lang.String.replace(CC)Ljava/lang/String; @ 26
Event: 0.679 Thread 0x0000000057544000 Uncommon trap: reason=unstable_if action=reinterpret pc=0x000000000293890c method=java.lang.String.indexOf([CII[CIII)I @ 134
Event: 0.747 Thread 0x0000000057544000 Uncommon trap: reason=unstable_if action=reinterpret pc=0x00000000029d0858 method=sun.misc.MetaIndex.mayContain(Ljava/lang/String;)Z @ 13

Internal exceptions (10 events):
Event: 0.050 Thread 0x00000000022ae800 Exception <a 'java/lang/NoSuchMethodError': Method sun.misc.Unsafe.prefetchRead(Ljava/lang/Object;J)V name or signature does not match> (0x00000000eb6130b0) thrown at [C:\re\workspace\8-2-build-windows-amd64-cygwin\jdk8u71\5731\hotspot\src\share\vm\prims\j3ñrŽöÎ?
Event: 0.235 Thread 0x00000000022ae800 Exception <a 'java/lang/NoSuchFieldError': method resolution failed> (0x00000000eb92cdb8) thrown at [C:\re\workspace\8-2-build-windows-amd64-cygwin\jdk8u71\5731\hotspot\src\share\vm\prims\methodHandles.cpp, line 1146]
Event: 0.246 Thread 0x00000000022ae800 Exception <a 'java/lang/NoSuchFieldError': method resolution failed> (0x00000000eb93a138) thrown at [C:\re\workspace\8-2-build-windows-amd64-cygwin\jdk8u71\5731\hotspot\src\share\vm\prims\methodHandles.cpp, line 1146]
Event: 0.285 Thread 0x00000000574f4000 Exception <a 'java/security/PrivilegedActionException'> (0x00000000eba01c98) thrown at [C:\re\workspace\8-2-build-windows-amd64-cygwin\jdk8u71\5731\hotspot\src\share\vm\prims\jvm.cpp, line 1386]
Event: 0.285 Thread 0x00000000574f4000 Exception <a 'java/security/PrivilegedActionException'> (0x00000000eba01ea8) thrown at [C:\re\workspace\8-2-build-windows-amd64-cygwin\jdk8u71\5731\hotspot\src\share\vm\prims\jvm.cpp, line 1386]
Event: 0.285 Thread 0x00000000574f4000 Exception <a 'java/security/PrivilegedActionException'> (0x00000000eba05cf0) thrown at [C:\re\workspace\8-2-build-windows-amd64-cygwin\jdk8u71\5731\hotspot\src\share\vm\prims\jvm.cpp, line 1386]
Event: 0.285 Thread 0x00000000574f4000 Exception <a 'java/security/PrivilegedActionException'> (0x00000000eba05f00) thrown at [C:\re\workspace\8-2-build-windows-amd64-cygwin\jdk8u71\5731\hotspot\src\share\vm\prims\jvm.cpp, line 1386]
Event: 0.286 Thread 0x00000000574f4000 Exception <a 'java/lang/NullPointerException'> (0x00000000eba064d8) thrown at [C:\re\workspace\8-2-build-windows-amd64-cygwin\jdk8u71\5731\hotspot\src\share\vm\interpreter\linkResolver.cpp, line 1178]
Event: 0.611 Thread 0x0000000057544000 Exception <a 'java/lang/NullPointerException'> (0x00000000ebf9df70) thrown at [C:\re\workspace\8-2-build-windows-amd64-cygwin\jdk8u71\5731\hotspot\src\share\vm\interpreter\linkResolver.cpp, line 1178]
Event: 0.611 Thread 0x0000000057544000 Exception <a 'java/lang/NullPointerException'> (0x00000000ebf9df70) thrown at [C:\re\workspace\8-2-build-windows-amd64-cygwin\jdk8u71\5731\hotspot\src\share\vm\prims\jvm.cpp, line 1390]

Events (10 events):
Event: 0.918 loading class com/sun/javafx/tk/quantum/CursorUtils
Event: 0.918 loading class com/sun/javafx/tk/quantum/CursorUtils done
Event: 0.919 loading class com/sun/javafx/tk/quantum/CursorUtils$1
Event: 0.919 loading class com/sun/javafx/tk/quantum/CursorUtils$1 done
Event: 0.919 loading class com/sun/prism/PixelFormat
Event: 0.919 loading class com/sun/prism/PixelFormat done
Event: 0.920 loading class com/sun/prism/PixelFormat$DataType
Event: 0.920 loading class com/sun/prism/PixelFormat$DataType done
Event: 0.920 loading class com/sun/glass/ui/Size
Event: 0.920 loading class com/sun/glass/ui/Size done


Dynamic libraries:
0x000000013fba0000 - 0x000000013fbd7000 	C:\Program Files\Java\jdk1.8.0_71\bin\java.exe
0x00000000778c0000 - 0x0000000077a69000 	C:\Windows\SYSTEM32\ntdll.dll
0x00000000776a0000 - 0x00000000777bf000 	C:\Windows\system32\kernel32.dll
0x000007fefd690000 - 0x000007fefd6fc000 	C:\Windows\system32\KERNELBASE.dll
0x000007feffa30000 - 0x000007feffb0b000 	C:\Windows\system32\ADVAPI32.dll
0x000007fefe3f0000 - 0x000007fefe48f000 	C:\Windows\system32\msvcrt.dll
0x000007feffbb0000 - 0x000007feffbcf000 	C:\Windows\SYSTEM32\sechost.dll
0x000007fefdc10000 - 0x000007fefdd3d000 	C:\Windows\system32\RPCRT4.dll
0x00000000777c0000 - 0x00000000778ba000 	C:\Windows\system32\USER32.dll
0x000007fefdb40000 - 0x000007fefdba7000 	C:\Windows\system32\GDI32.dll
0x000007fefe0c0000 - 0x000007fefe0ce000 	C:\Windows\system32\LPK.dll
0x000007fefe490000 - 0x000007fefe559000 	C:\Windows\system32\USP10.dll
0x000007fefc0d0000 - 0x000007fefc2c4000 	C:\Windows\WinSxS\amd64_microsoft.windows.common-controls_6595b64144ccf1df_6.0.7601.18837_none_fa3b1e3d17594757\COMCTL32.dll
0x000007fefe040000 - 0x000007fefe0b1000 	C:\Windows\system32\SHLWAPI.dll
0x000007fefdd60000 - 0x000007fefdd8e000 	C:\Windows\system32\IMM32.DLL
0x000007fefda30000 - 0x000007fefdb39000 	C:\Windows\system32\MSCTF.dll
0x0000000072530000 - 0x0000000072602000 	C:\Program Files\Java\jdk1.8.0_71\jre\bin\msvcr100.dll
0x0000000071ca0000 - 0x000000007252f000 	C:\Program Files\Java\jdk1.8.0_71\jre\bin\server\jvm.dll
0x000007fefbee0000 - 0x000007fefbee9000 	C:\Windows\system32\WSOCK32.dll
0x000007fefe0d0000 - 0x000007fefe11d000 	C:\Windows\system32\WS2_32.dll
0x000007feff2f0000 - 0x000007feff2f8000 	C:\Windows\system32\NSI.dll
0x000007fefa2e0000 - 0x000007fefa31b000 	C:\Windows\system32\WINMM.dll
0x000007fefc760000 - 0x000007fefc76c000 	C:\Windows\system32\VERSION.dll
0x0000000077a90000 - 0x0000000077a97000 	C:\Windows\system32\PSAPI.DLL
0x0000000073940000 - 0x000000007394f000 	C:\Program Files\Java\jdk1.8.0_71\jre\bin\verify.dll
0x0000000072860000 - 0x0000000072889000 	C:\Program Files\Java\jdk1.8.0_71\jre\bin\java.dll
0x0000000072690000 - 0x00000000726a6000 	C:\Program Files\Java\jdk1.8.0_71\jre\bin\zip.dll
0x000007fefe560000 - 0x000007feff2e9000 	C:\Windows\system32\SHELL32.dll
0x000007fefde30000 - 0x000007fefe033000 	C:\Windows\system32\ole32.dll
0x000007fefd670000 - 0x000007fefd67f000 	C:\Windows\system32\profapi.dll
0x000007fefaf00000 - 0x000007fefaf10000 	C:\Program Files (x86)\JetBrains\IntelliJ IDEA Community Edition 15.0.3\bin\breakgen64.dll
0x0000000072650000 - 0x000000007266a000 	C:\Program Files\Java\jdk1.8.0_71\jre\bin\net.dll
0x000007fefce00000 - 0x000007fefce55000 	C:\Windows\system32\mswsock.dll
0x000007fefd070000 - 0x000007fefd077000 	C:\Windows\System32\wship6.dll
0x000007fef6a20000 - 0x000007fef6b0f000 	C:\Program Files\Java\jdk1.8.0_71\jre\bin\msvcr120.dll
0x000007fef4580000 - 0x000007fef4626000 	C:\Program Files\Java\jdk1.8.0_71\jre\bin\msvcp120.dll
0x00000000719b0000 - 0x00000000719d3000 	C:\Program Files\Java\jdk1.8.0_71\jre\bin\prism_d3d.dll
0x000007fef0800000 - 0x000007fef09ff000 	C:\Windows\system32\d3d9.dll
0x000007fef6a10000 - 0x000007fef6a17000 	C:\Windows\system32\d3d8thk.dll
0x000007fefb620000 - 0x000007fefb638000 	C:\Windows\system32\dwmapi.dll
0x000007fefbb50000 - 0x000007fefbba6000 	C:\Windows\system32\uxtheme.dll
0x0000000180000000 - 0x0000000180806000 	C:\Windows\system32\igdumd64.dll
0x0000000071940000 - 0x0000000071983000 	C:\Program Files\Java\jdk1.8.0_71\jre\bin\glass.dll
0x000007feffb10000 - 0x000007feffba7000 	C:\Windows\system32\COMDLG32.dll
0x000007feff5e0000 - 0x000007feff6b7000 	C:\Windows\system32\OLEAUT32.dll
0x000007fefd4d0000 - 0x000007fefd4df000 	C:\Windows\system32\CRYPTBASE.dll
0x000000006bb30000 - 0x000000006bb44000 	C:\Program Files\Java\jdk1.8.0_71\jre\bin\javafx_font.dll
0x000007fef0660000 - 0x000007fef07f7000 	C:\Windows\system32\dwrite.dll
0x000007fefdd90000 - 0x000007fefde29000 	C:\Windows\system32\CLBCatQ.DLL
0x000007fefb1d0000 - 0x000007fefb331000 	C:\Windows\system32\WindowsCodecs.dll
0x000007fefd470000 - 0x000007fefd4c7000 	C:\Windows\system32\apphelp.dll
0x000007fef89a0000 - 0x000007fef8b2f000 	C:\Users\E6510\AppData\Local\Microsoft\OneDrive\17.3.5951.0827\amd64\FileSyncShell64.dll
0x000007feff380000 - 0x000007feff5da000 	C:\Windows\system32\WININET.dll
0x000007fefd860000 - 0x000007fefd864000 	C:\Windows\system32\api-ms-win-downlevel-user32-l1-1-0.dll
0x000007fefd700000 - 0x000007fefd704000 	C:\Windows\system32\api-ms-win-downlevel-shlwapi-l1-1-0.dll
0x000007fefd7b0000 - 0x000007fefd7b4000 	C:\Windows\system32\api-ms-win-downlevel-version-l1-1-0.dll
0x000007fefd8a0000 - 0x000007fefd8a3000 	C:\Windows\system32\api-ms-win-downlevel-normaliz-l1-1-0.dll
0x0000000077a80000 - 0x0000000077a83000 	C:\Windows\system32\normaliz.DLL
0x000007fefe120000 - 0x000007fefe3e7000 	C:\Windows\system32\iertutil.dll
0x000007fefd890000 - 0x000007fefd895000 	C:\Windows\system32\api-ms-win-downlevel-advapi32-l1-1-0.dll
0x000007fefd750000 - 0x000007fefd76e000 	C:\Windows\system32\USERENV.dll
0x000007fef9200000 - 0x000007fef9414000 	C:\Program Files\Microsoft Office\root\Office16\GROOVEEX.DLL
0x000007fefa560000 - 0x000007fefa577000 	C:\Program Files\Microsoft Office\root\Office16\VCRUNTIME140.dll
0x000007fef91f0000 - 0x000007fef91f4000 	C:\Program Files\Microsoft Office\root\Office16\api-ms-win-crt-runtime-l1-1-0.dll
0x000007fef90f0000 - 0x000007fef91e2000 	C:\Windows\system32\ucrtbase.DLL
0x000007fef90e0000 - 0x000007fef90e3000 	C:\Windows\system32\api-ms-win-core-timezone-l1-1-0.dll
0x000007fef90d0000 - 0x000007fef90d3000 	C:\Windows\system32\api-ms-win-core-file-l2-1-0.dll
0x000007fef90c0000 - 0x000007fef90c3000 	C:\Windows\system32\api-ms-win-core-localization-l1-2-0.dll
0x000007fef9050000 - 0x000007fef9053000 	C:\Windows\system32\api-ms-win-core-synch-l1-2-0.dll
0x000007fef9040000 - 0x000007fef9043000 	C:\Windows\system32\api-ms-win-core-processthreads-l1-1-1.dll
0x000007fef9030000 - 0x000007fef9033000 	C:\Windows\system32\api-ms-win-core-file-l1-2-0.dll
0x000007fef9020000 - 0x000007fef9024000 	C:\Program Files\Microsoft Office\root\Office16\api-ms-win-crt-string-l1-1-0.dll
0x000007fef9010000 - 0x000007fef9013000 	C:\Program Files\Microsoft Office\root\Office16\api-ms-win-crt-heap-l1-1-0.dll
0x000007fef9000000 - 0x000007fef9004000 	C:\Program Files\Microsoft Office\root\Office16\api-ms-win-crt-stdio-l1-1-0.dll
0x000007fef8ff0000 - 0x000007fef8ff4000 	C:\Program Files\Microsoft Office\root\Office16\api-ms-win-crt-convert-l1-1-0.dll
0x000007fef8f50000 - 0x000007fef8fee000 	C:\Program Files\Microsoft Office\root\Office16\MSVCP140.dll
0x000007fef8f30000 - 0x000007fef8f33000 	C:\Program Files\Microsoft Office\root\Office16\api-ms-win-crt-locale-l1-1-0.dll
0x000007fef8f20000 - 0x000007fef8f25000 	C:\Program Files\Microsoft Office\root\Office16\api-ms-win-crt-math-l1-1-0.dll
0x000007fef8f10000 - 0x000007fef8f15000 	C:\Program Files\Microsoft Office\root\Office16\api-ms-win-crt-multibyte-l1-1-0.dll
0x000007fef8f00000 - 0x000007fef8f03000 	C:\Program Files\Microsoft Office\root\Office16\api-ms-win-crt-time-l1-1-0.dll
0x000007fef8ef0000 - 0x000007fef8ef3000 	C:\Program Files\Microsoft Office\root\Office16\api-ms-win-crt-filesystem-l1-1-0.dll
0x000007fef8ee0000 - 0x000007fef8ee3000 	C:\Program Files\Microsoft Office\root\Office16\api-ms-win-crt-environment-l1-1-0.dll
0x000007fef8ed0000 - 0x000007fef8ed3000 	C:\Program Files\Microsoft Office\root\Office16\api-ms-win-crt-utility-l1-1-0.dll
0x000007fef8bb0000 - 0x000007fef8ece000 	C:\Windows\system32\msi.dll
0x000007fef7270000 - 0x000007fef7af6000 	C:\Program Files\Microsoft Office\root\Office16\1049\GrooveIntlResource.dll
0x000007fef8b70000 - 0x000007fef8ba5000 	C:\Windows\system32\EhStorShell.dll
0x000007feff850000 - 0x000007feffa27000 	C:\Windows\system32\SETUPAPI.dll
0x000007fefd710000 - 0x000007fefd746000 	C:\Windows\system32\CFGMGR32.dll
0x000007fefd870000 - 0x000007fefd88a000 	C:\Windows\system32\DEVOBJ.dll
0x000007fefbcf0000 - 0x000007fefbe1c000 	C:\Windows\system32\PROPSYS.dll
0x000007fef86c0000 - 0x000007fef8740000 	C:\Windows\system32\ntshrui.dll
0x000007fefd0f0000 - 0x000007fefd113000 	C:\Windows\system32\srvcli.dll
0x000007fef8740000 - 0x000007fef874f000 	C:\Windows\system32\cscapi.dll
0x000007fefbc30000 - 0x000007fefbc3b000 	C:\Windows\system32\slc.dll

VM Arguments:
jvm_args: -Didea.launcher.port=7559 -Didea.launcher.bin.path=C:\Program Files (x86)\JetBrains\IntelliJ IDEA Community Edition 15.0.3\bin -Dfile.encoding=UTF-8 
java_command: com.intellij.rt.execution.application.AppMain sample.Main
java_class_path (initial): C:\Program Files\Java\jdk1.8.0_71\jre\lib\charsets.jar;C:\Program Files\Java\jdk1.8.0_71\jre\lib\deploy.jar;C:\Program Files\Java\jdk1.8.0_71\jre\lib\ext\access-bridge-64.jar;C:\Program Files\Java\jdk1.8.0_71\jre\lib\ext\cldrdata.jar;C:\Program Files\Java\jdk1.8.0_71\jre\lib\ext\dnsns.jar;C:\Program Files\Java\jdk1.8.0_71\jre\lib\ext\jaccess.jar;C:\Program Files\Java\jdk1.8.0_71\jre\lib\ext\jfxrt.jar;C:\Program Files\Java\jdk1.8.0_71\jre\lib\ext\localedata.jar;C:\Program Files\Java\jdk1.8.0_71\jre\lib\ext\nashorn.jar;C:\Program Files\Java\jdk1.8.0_71\jre\lib\ext\sunec.jar;C:\Program Files\Java\jdk1.8.0_71\jre\lib\ext\sunjce_provider.jar;C:\Program Files\Java\jdk1.8.0_71\jre\lib\ext\sunmscapi.jar;C:\Program Files\Java\jdk1.8.0_71\jre\lib\ext\sunpkcs11.jar;C:\Program Files\Java\jdk1.8.0_71\jre\lib\ext\zipfs.jar;C:\Program Files\Java\jdk1.8.0_71\jre\lib\javaws.jar;C:\Program Files\Java\jdk1.8.0_71\jre\lib\jce.jar;C:\Program Files\Java\jdk1.8.0_71\jre\lib\jfr.jar;C:\Program Files\Java\jdk1.8.0_71\jre\lib\jfxswt.jar;C:\Program Files\Java\jdk1.8.0_71\jre\lib\jsse.jar;C:\Program Files\Java\jdk1.8.0_71\jre\lib\management-agent.jar;C:\Program Files\Java\jdk1.8.0_71\jre\lib\plugin.jar;C:\Program Files\Java\jdk1.8.0_71\jre\lib\resources.jar;C:\Program Files\Java\jdk1.8.0_71\jre\lib\rt.jar;C:\Users\E6510\IdeaProjects\funnyShapesCanvas\out\production\funnyShapesCanvas;C:\Program Files (x86)\JetBrains\IntelliJ IDEA Community Edition 15.0.3\lib\idea_rt.jar
Launcher Type: SUN_STANDARD

Environment Variables:
PATH=C:\ProgramData\Oracle\Java\javapath;C:\Windows\system32;C:\Windows;C:\Windows\System32\Wbem;C:\Windows\System32\WindowsPowerShell\v1.0\;C:\Program Files (x86)\Skype\Phone\;C:\Program Files (x86)\Common Files\Acronis\SnapAPI\;C:\Program Files (x86)\QuickTime\QTSystem\
USERNAME=E6510
OS=Windows_NT
PROCESSOR_IDENTIFIER=Intel64 Family 6 Model 37 Stepping 5, GenuineIntel



---------------  S Y S T E M  ---------------

OS: Windows 7 , 64 bit Build 7601 (6.1.7601.18933)

CPU:total 4 (2 cores per cpu, 2 threads per core) family 6 model 37 stepping 5, cmov, cx8, fxsr, mmx, sse, sse2, sse3, ssse3, sse4.1, sse4.2, popcnt, aes, clmul, ht, tsc, tscinvbit

Memory: 4k page, physical 4052820k(1479176k free), swap 4050980k(5092k free)

vm_info: Java HotSpot(TM) 64-Bit Server VM (25.71-b15) for windows-amd64 JRE (1.8.0_71-b15), built on Dec 22 2015 18:15:55 by "java_re" with MS VC++ 10.0 (VS2010)

time: Sat Apr 09 22:27:19 2016
elapsed time: 0 seconds (0d 0h 0m 0s)

